<?xml version="1.0" encoding="UTF-8"?>
<testsuites>
  <testsuite name="" tests="87" assertions="171" errors="0" warnings="0" failures="0" skipped="0" time="1.275704">
    <testsuite name="Project Test Suite" tests="87" assertions="171" errors="0" warnings="0" failures="0" skipped="0" time="1.275704">
      <testsuite name="App\Tests\Card\CardGraphicTest" file="/home/mats/dbwebb-kurser/mvc/me/report/tests/Card/CardGraphicTest.php" tests="2" assertions="5" errors="0" warnings="0" failures="0" skipped="0" time="0.014954">
        <testcase name="testCreateCardGraphic" class="App\Tests\Card\CardGraphicTest" classname="App.Tests.Card.CardGraphicTest" file="/home/mats/dbwebb-kurser/mvc/me/report/tests/Card/CardGraphicTest.php" line="17" assertions="2" time="0.013474"/>
        <testcase name="testGetAsStringReturnsRepresentation" class="App\Tests\Card\CardGraphicTest" classname="App.Tests.Card.CardGraphicTest" file="/home/mats/dbwebb-kurser/mvc/me/report/tests/Card/CardGraphicTest.php" line="27" assertions="3" time="0.001480"/>
      </testsuite>
      <testsuite name="App\Tests\Card\CardTest" file="/home/mats/dbwebb-kurser/mvc/me/report/tests/Card/CardTest.php" tests="4" assertions="10" errors="0" warnings="0" failures="0" skipped="0" time="0.008061">
        <testcase name="testAddAndCount" class="App\Tests\Card\CardTest" classname="App.Tests.Card.CardTest" file="/home/mats/dbwebb-kurser/mvc/me/report/tests/Card/CardTest.php" line="27" assertions="2" time="0.001863"/>
        <testcase name="testSetAndGetValue" class="App\Tests\Card\CardTest" classname="App.Tests.Card.CardTest" file="/home/mats/dbwebb-kurser/mvc/me/report/tests/Card/CardTest.php" line="46" assertions="2" time="0.000600"/>
        <testcase name="testShuffleReturnsValueInRange" class="App\Tests\Card\CardTest" classname="App.Tests.Card.CardTest" file="/home/mats/dbwebb-kurser/mvc/me/report/tests/Card/CardTest.php" line="62" assertions="5" time="0.004943"/>
        <testcase name="testGetAsString" class="App\Tests\Card\CardTest" classname="App.Tests.Card.CardTest" file="/home/mats/dbwebb-kurser/mvc/me/report/tests/Card/CardTest.php" line="75" assertions="1" time="0.000654"/>
      </testsuite>
      <testsuite name="App\Tests\Card\DeckTest" file="/home/mats/dbwebb-kurser/mvc/me/report/tests/Card/DeckTest.php" tests="7" assertions="10" errors="0" warnings="0" failures="0" skipped="0" time="0.007318">
        <testcase name="testAddAndCount" class="App\Tests\Card\DeckTest" classname="App.Tests.Card.DeckTest" file="/home/mats/dbwebb-kurser/mvc/me/report/tests/Card/DeckTest.php" line="27" assertions="2" time="0.000626"/>
        <testcase name="testGetValues" class="App\Tests\Card\DeckTest" classname="App.Tests.Card.DeckTest" file="/home/mats/dbwebb-kurser/mvc/me/report/tests/Card/DeckTest.php" line="46" assertions="1" time="0.000612"/>
        <testcase name="testSetValues" class="App\Tests\Card\DeckTest" classname="App.Tests.Card.DeckTest" file="/home/mats/dbwebb-kurser/mvc/me/report/tests/Card/DeckTest.php" line="60" assertions="1" time="0.000649"/>
        <testcase name="testGetString" class="App\Tests\Card\DeckTest" classname="App.Tests.Card.DeckTest" file="/home/mats/dbwebb-kurser/mvc/me/report/tests/Card/DeckTest.php" line="76" assertions="1" time="0.000600"/>
        <testcase name="testDrawFromEmptyDeck" class="App\Tests\Card\DeckTest" classname="App.Tests.Card.DeckTest" file="/home/mats/dbwebb-kurser/mvc/me/report/tests/Card/DeckTest.php" line="89" assertions="1" time="0.001175"/>
        <testcase name="testDraw" class="App\Tests\Card\DeckTest" classname="App.Tests.Card.DeckTest" file="/home/mats/dbwebb-kurser/mvc/me/report/tests/Card/DeckTest.php" line="100" assertions="2" time="0.001508"/>
        <testcase name="testShuffleKeepsSameCards" class="App\Tests\Card\DeckTest" classname="App.Tests.Card.DeckTest" file="/home/mats/dbwebb-kurser/mvc/me/report/tests/Card/DeckTest.php" line="117" assertions="2" time="0.002147"/>
      </testsuite>
      <testsuite name="App\Tests\Controller\DeckControllerJsonTest" file="/home/mats/dbwebb-kurser/mvc/me/report/tests/Controller/DeckControllerJsonTest.php" tests="8" assertions="33" errors="0" warnings="0" failures="0" skipped="0" time="0.994950">
        <testcase name="testAllRoutesReturnsJsonList" class="App\Tests\Controller\DeckControllerJsonTest" classname="App.Tests.Controller.DeckControllerJsonTest" file="/home/mats/dbwebb-kurser/mvc/me/report/tests/Controller/DeckControllerJsonTest.php" line="15" assertions="4" time="0.776949"/>
        <testcase name="testDeckReturns52Cards" class="App\Tests\Controller\DeckControllerJsonTest" classname="App.Tests.Controller.DeckControllerJsonTest" file="/home/mats/dbwebb-kurser/mvc/me/report/tests/Controller/DeckControllerJsonTest.php" line="31" assertions="4" time="0.014710"/>
        <testcase name="testShuffleReturns52Cards" class="App\Tests\Controller\DeckControllerJsonTest" classname="App.Tests.Controller.DeckControllerJsonTest" file="/home/mats/dbwebb-kurser/mvc/me/report/tests/Controller/DeckControllerJsonTest.php" line="47" assertions="3" time="0.047041"/>
        <testcase name="testDrawWithoutShuffleReturnsNoCardsMessage" class="App\Tests\Controller\DeckControllerJsonTest" classname="App.Tests.Controller.DeckControllerJsonTest" file="/home/mats/dbwebb-kurser/mvc/me/report/tests/Controller/DeckControllerJsonTest.php" line="63" assertions="4" time="0.020431"/>
        <testcase name="testDrawAfterShuffleReturnsOneCard" class="App\Tests\Controller\DeckControllerJsonTest" classname="App.Tests.Controller.DeckControllerJsonTest" file="/home/mats/dbwebb-kurser/mvc/me/report/tests/Controller/DeckControllerJsonTest.php" line="80" assertions="5" time="0.037985"/>
        <testcase name="testDrawMultipleAfterShuffle" class="App\Tests\Controller\DeckControllerJsonTest" classname="App.Tests.Controller.DeckControllerJsonTest" file="/home/mats/dbwebb-kurser/mvc/me/report/tests/Controller/DeckControllerJsonTest.php" line="100" assertions="4" time="0.040536"/>
        <testcase name="testDrawMoreThanAvailableEmptiesDeck" class="App\Tests\Controller\DeckControllerJsonTest" classname="App.Tests.Controller.DeckControllerJsonTest" file="/home/mats/dbwebb-kurser/mvc/me/report/tests/Controller/DeckControllerJsonTest.php" line="118" assertions="5" time="0.038514"/>
        <testcase name="testApiGameWithoutActiveGame" class="App\Tests\Controller\DeckControllerJsonTest" classname="App.Tests.Controller.DeckControllerJsonTest" file="/home/mats/dbwebb-kurser/mvc/me/report/tests/Controller/DeckControllerJsonTest.php" line="137" assertions="4" time="0.018783"/>
      </testsuite>
      <testsuite name="App\Tests\DataFixtures\BookFixturesTest" file="/home/mats/dbwebb-kurser/mvc/me/report/tests/DataFixtures/BookFixturesTest.php" tests="1" assertions="1" errors="0" warnings="0" failures="0" skipped="0" time="0.034302">
        <testcase name="testLoadPersistsBooksAndFlushes" class="App\Tests\DataFixtures\BookFixturesTest" classname="App.Tests.DataFixtures.BookFixturesTest" file="/home/mats/dbwebb-kurser/mvc/me/report/tests/DataFixtures/BookFixturesTest.php" line="17" assertions="1" time="0.034302"/>
      </testsuite>
      <testsuite name="App\Tests\Entity\BookTest" file="/home/mats/dbwebb-kurser/mvc/me/report/tests/Entity/BookTest.php" tests="7" assertions="7" errors="0" warnings="0" failures="0" skipped="0" time="0.004029">
        <testcase name="testNewBookHasNullId" class="App\Tests\Entity\BookTest" classname="App.Tests.Entity.BookTest" file="/home/mats/dbwebb-kurser/mvc/me/report/tests/Entity/BookTest.php" line="16" assertions="1" time="0.000619"/>
        <testcase name="testSetAndGetTitle" class="App\Tests\Entity\BookTest" classname="App.Tests.Entity.BookTest" file="/home/mats/dbwebb-kurser/mvc/me/report/tests/Entity/BookTest.php" line="22" assertions="1" time="0.000616"/>
        <testcase name="testSetAndGetIsbn" class="App\Tests\Entity\BookTest" classname="App.Tests.Entity.BookTest" file="/home/mats/dbwebb-kurser/mvc/me/report/tests/Entity/BookTest.php" line="29" assertions="1" time="0.000584"/>
        <testcase name="testSetAndGetAuthor" class="App\Tests\Entity\BookTest" classname="App.Tests.Entity.BookTest" file="/home/mats/dbwebb-kurser/mvc/me/report/tests/Entity/BookTest.php" line="36" assertions="1" time="0.000571"/>
        <testcase name="testSetAndGetImg" class="App\Tests\Entity\BookTest" classname="App.Tests.Entity.BookTest" file="/home/mats/dbwebb-kurser/mvc/me/report/tests/Entity/BookTest.php" line="43" assertions="1" time="0.000531"/>
        <testcase name="testImgCanBeNull" class="App\Tests\Entity\BookTest" classname="App.Tests.Entity.BookTest" file="/home/mats/dbwebb-kurser/mvc/me/report/tests/Entity/BookTest.php" line="50" assertions="1" time="0.000533"/>
        <testcase name="testSettersAreFluent" class="App\Tests\Entity\BookTest" classname="App.Tests.Entity.BookTest" file="/home/mats/dbwebb-kurser/mvc/me/report/tests/Entity/BookTest.php" line="57" assertions="1" time="0.000574"/>
      </testsuite>
      <testsuite name="App\Tests\Entity\GameResultTest" file="/home/mats/dbwebb-kurser/mvc/me/report/tests/Entity/GameResultTest.php" tests="7" assertions="7" errors="0" warnings="0" failures="0" skipped="0" time="0.016942">
        <testcase name="testNewResultHasNullId" class="App\Tests\Entity\GameResultTest" classname="App.Tests.Entity.GameResultTest" file="/home/mats/dbwebb-kurser/mvc/me/report/tests/Entity/GameResultTest.php" line="17" assertions="1" time="0.001496"/>
        <testcase name="testConstructorSetsCreatedAt" class="App\Tests\Entity\GameResultTest" classname="App.Tests.Entity.GameResultTest" file="/home/mats/dbwebb-kurser/mvc/me/report/tests/Entity/GameResultTest.php" line="26" assertions="1" time="0.000610"/>
        <testcase name="testSetAndGetBet" class="App\Tests\Entity\GameResultTest" classname="App.Tests.Entity.GameResultTest" file="/home/mats/dbwebb-kurser/mvc/me/report/tests/Entity/GameResultTest.php" line="32" assertions="1" time="0.000685"/>
        <testcase name="testSetAndGetPlayerValue" class="App\Tests\Entity\GameResultTest" classname="App.Tests.Entity.GameResultTest" file="/home/mats/dbwebb-kurser/mvc/me/report/tests/Entity/GameResultTest.php" line="39" assertions="1" time="0.000592"/>
        <testcase name="testSetAndGetBankValue" class="App\Tests\Entity\GameResultTest" classname="App.Tests.Entity.GameResultTest" file="/home/mats/dbwebb-kurser/mvc/me/report/tests/Entity/GameResultTest.php" line="46" assertions="1" time="0.000550"/>
        <testcase name="testSetAndGetOutcome" class="App\Tests\Entity\GameResultTest" classname="App.Tests.Entity.GameResultTest" file="/home/mats/dbwebb-kurser/mvc/me/report/tests/Entity/GameResultTest.php" line="53" assertions="1" time="0.000602"/>
        <testcase name="testSetAndGetPlayer" class="App\Tests\Entity\GameResultTest" classname="App.Tests.Entity.GameResultTest" file="/home/mats/dbwebb-kurser/mvc/me/report/tests/Entity/GameResultTest.php" line="63" assertions="1" time="0.012409"/>
      </testsuite>
      <testsuite name="App\Tests\Entity\PlayerTest" file="/home/mats/dbwebb-kurser/mvc/me/report/tests/Entity/PlayerTest.php" tests="5" assertions="7" errors="0" warnings="0" failures="0" skipped="0" time="0.003880">
        <testcase name="testNewPlayerHasNullId" class="App\Tests\Entity\PlayerTest" classname="App.Tests.Entity.PlayerTest" file="/home/mats/dbwebb-kurser/mvc/me/report/tests/Entity/PlayerTest.php" line="17" assertions="1" time="0.000629"/>
        <testcase name="testSetAndGetName" class="App\Tests\Entity\PlayerTest" classname="App.Tests.Entity.PlayerTest" file="/home/mats/dbwebb-kurser/mvc/me/report/tests/Entity/PlayerTest.php" line="23" assertions="1" time="0.000622"/>
        <testcase name="testNewPlayerHasNoResults" class="App\Tests\Entity\PlayerTest" classname="App.Tests.Entity.PlayerTest" file="/home/mats/dbwebb-kurser/mvc/me/report/tests/Entity/PlayerTest.php" line="33" assertions="1" time="0.000589"/>
        <testcase name="testAddGameResult" class="App\Tests\Entity\PlayerTest" classname="App.Tests.Entity.PlayerTest" file="/home/mats/dbwebb-kurser/mvc/me/report/tests/Entity/PlayerTest.php" line="42" assertions="3" time="0.001351"/>
        <testcase name="testRemoveGameResult" class="App\Tests\Entity\PlayerTest" classname="App.Tests.Entity.PlayerTest" file="/home/mats/dbwebb-kurser/mvc/me/report/tests/Entity/PlayerTest.php" line="57" assertions="1" time="0.000690"/>
      </testsuite>
      <testsuite name="App\Tests\Form\BookTypeTest" file="/home/mats/dbwebb-kurser/mvc/me/report/tests/Form/BookTypeTest.php" tests="2" assertions="6" errors="0" warnings="0" failures="0" skipped="0" time="0.145158">
        <testcase name="testSubmitValidData" class="App\Tests\Form\BookTypeTest" classname="App.Tests.Form.BookTypeTest" file="/home/mats/dbwebb-kurser/mvc/me/report/tests/Form/BookTypeTest.php" line="17" assertions="2" time="0.142419"/>
        <testcase name="testFormHasExpectedFields" class="App\Tests\Form\BookTypeTest" classname="App.Tests.Form.BookTypeTest" file="/home/mats/dbwebb-kurser/mvc/me/report/tests/Form/BookTypeTest.php" line="43" assertions="4" time="0.002740"/>
      </testsuite>
      <testsuite name="App\Tests\Game\BlackJackHandTest" file="/home/mats/dbwebb-kurser/mvc/me/report/tests/Game/BlackJackHandTest.php" tests="12" assertions="17" errors="0" warnings="0" failures="0" skipped="0" time="0.009789">
        <testcase name="testEmptyHandHasZeroValue" class="App\Tests\Game\BlackJackHandTest" classname="App.Tests.Game.BlackJackHandTest" file="/home/mats/dbwebb-kurser/mvc/me/report/tests/Game/BlackJackHandTest.php" line="21" assertions="1" time="0.001821"/>
        <testcase name="testSimpleHandValue" class="App\Tests\Game\BlackJackHandTest" classname="App.Tests.Game.BlackJackHandTest" file="/home/mats/dbwebb-kurser/mvc/me/report/tests/Game/BlackJackHandTest.php" line="27" assertions="1" time="0.000639"/>
        <testcase name="testFaceCardsCountAsTen" class="App\Tests\Game\BlackJackHandTest" classname="App.Tests.Game.BlackJackHandTest" file="/home/mats/dbwebb-kurser/mvc/me/report/tests/Game/BlackJackHandTest.php" line="35" assertions="1" time="0.000636"/>
        <testcase name="testAceCountsAsElevenWhenItFits" class="App\Tests\Game\BlackJackHandTest" classname="App.Tests.Game.BlackJackHandTest" file="/home/mats/dbwebb-kurser/mvc/me/report/tests/Game/BlackJackHandTest.php" line="43" assertions="1" time="0.000712"/>
        <testcase name="testAceDropsToOneWhenElevenWouldBust" class="App\Tests\Game\BlackJackHandTest" classname="App.Tests.Game.BlackJackHandTest" file="/home/mats/dbwebb-kurser/mvc/me/report/tests/Game/BlackJackHandTest.php" line="51" assertions="1" time="0.000655"/>
        <testcase name="testMultipleAces" class="App\Tests\Game\BlackJackHandTest" classname="App.Tests.Game.BlackJackHandTest" file="/home/mats/dbwebb-kurser/mvc/me/report/tests/Game/BlackJackHandTest.php" line="60" assertions="1" time="0.000674"/>
        <testcase name="testIsBust" class="App\Tests\Game\BlackJackHandTest" classname="App.Tests.Game.BlackJackHandTest" file="/home/mats/dbwebb-kurser/mvc/me/report/tests/Game/BlackJackHandTest.php" line="70" assertions="1" time="0.000687"/>
        <testcase name="testIsNotBustAtTwentyOne" class="App\Tests\Game\BlackJackHandTest" classname="App.Tests.Game.BlackJackHandTest" file="/home/mats/dbwebb-kurser/mvc/me/report/tests/Game/BlackJackHandTest.php" line="79" assertions="1" time="0.001263"/>
        <testcase name="testBlackjackTrueOnTwoCardTwentyOne" class="App\Tests\Game\BlackJackHandTest" classname="App.Tests.Game.BlackJackHandTest" file="/home/mats/dbwebb-kurser/mvc/me/report/tests/Game/BlackJackHandTest.php" line="88" assertions="1" time="0.000669"/>
        <testcase name="testBlackjackFalseOnThreeCardTwentyOne" class="App\Tests\Game\BlackJackHandTest" classname="App.Tests.Game.BlackJackHandTest" file="/home/mats/dbwebb-kurser/mvc/me/report/tests/Game/BlackJackHandTest.php" line="96" assertions="2" time="0.000721"/>
        <testcase name="testBetStatusAndResultAccessors" class="App\Tests\Game\BlackJackHandTest" classname="App.Tests.Game.BlackJackHandTest" file="/home/mats/dbwebb-kurser/mvc/me/report/tests/Game/BlackJackHandTest.php" line="106" assertions="5" time="0.000713"/>
        <testcase name="testGetCardStrings" class="App\Tests\Game\BlackJackHandTest" classname="App.Tests.Game.BlackJackHandTest" file="/home/mats/dbwebb-kurser/mvc/me/report/tests/Game/BlackJackHandTest.php" line="119" assertions="1" time="0.000601"/>
      </testsuite>
      <testsuite name="App\Tests\Game\BlackJackTest" file="/home/mats/dbwebb-kurser/mvc/me/report/tests/Game/BlackJackTest.php" tests="21" assertions="36" errors="0" warnings="0" failures="0" skipped="0" time="0.023261">
        <testcase name="testInitialState" class="App\Tests\Game\BlackJackTest" classname="App.Tests.Game.BlackJackTest" file="/home/mats/dbwebb-kurser/mvc/me/report/tests/Game/BlackJackTest.php" line="31" assertions="3" time="0.002282"/>
        <testcase name="testDealDeductsBetAndStartsPlaying" class="App\Tests\Game\BlackJackTest" classname="App.Tests.Game.BlackJackTest" file="/home/mats/dbwebb-kurser/mvc/me/report/tests/Game/BlackJackTest.php" line="39" assertions="2" time="0.000777"/>
        <testcase name="testPlayerBlackjackPaysThreeToTwo" class="App\Tests\Game\BlackJackTest" classname="App.Tests.Game.BlackJackTest" file="/home/mats/dbwebb-kurser/mvc/me/report/tests/Game/BlackJackTest.php" line="48" assertions="2" time="0.000915"/>
        <testcase name="testPushReturnsStake" class="App\Tests\Game\BlackJackTest" classname="App.Tests.Game.BlackJackTest" file="/home/mats/dbwebb-kurser/mvc/me/report/tests/Game/BlackJackTest.php" line="58" assertions="2" time="0.000889"/>
        <testcase name="testPlayerWinsWhenBankBusts" class="App\Tests\Game\BlackJackTest" classname="App.Tests.Game.BlackJackTest" file="/home/mats/dbwebb-kurser/mvc/me/report/tests/Game/BlackJackTest.php" line="68" assertions="1" time="0.000902"/>
        <testcase name="testPlayerBustLosesAndBankDoesNotDraw" class="App\Tests\Game\BlackJackTest" classname="App.Tests.Game.BlackJackTest" file="/home/mats/dbwebb-kurser/mvc/me/report/tests/Game/BlackJackTest.php" line="78" assertions="2" time="0.001014"/>
        <testcase name="testBankBlackjackBeatsOrdinaryHand" class="App\Tests\Game\BlackJackTest" classname="App.Tests.Game.BlackJackTest" file="/home/mats/dbwebb-kurser/mvc/me/report/tests/Game/BlackJackTest.php" line="90" assertions="1" time="0.000877"/>
        <testcase name="testBothBlackjackPush" class="App\Tests\Game\BlackJackTest" classname="App.Tests.Game.BlackJackTest" file="/home/mats/dbwebb-kurser/mvc/me/report/tests/Game/BlackJackTest.php" line="99" assertions="2" time="0.000888"/>
        <testcase name="testTwoHandsOneWinsOneLoses" class="App\Tests\Game\BlackJackTest" classname="App.Tests.Game.BlackJackTest" file="/home/mats/dbwebb-kurser/mvc/me/report/tests/Game/BlackJackTest.php" line="108" assertions="1" time="0.001056"/>
        <testcase name="testDealRejectsZeroHands" class="App\Tests\Game\BlackJackTest" classname="App.Tests.Game.BlackJackTest" file="/home/mats/dbwebb-kurser/mvc/me/report/tests/Game/BlackJackTest.php" line="119" assertions="1" time="0.002151"/>
        <testcase name="testDealRejectsMoreThanThreeHands" class="App\Tests\Game\BlackJackTest" classname="App.Tests.Game.BlackJackTest" file="/home/mats/dbwebb-kurser/mvc/me/report/tests/Game/BlackJackTest.php" line="126" assertions="1" time="0.000760"/>
        <testcase name="testDealRejectsBetOverBalance" class="App\Tests\Game\BlackJackTest" classname="App.Tests.Game.BlackJackTest" file="/home/mats/dbwebb-kurser/mvc/me/report/tests/Game/BlackJackTest.php" line="133" assertions="1" time="0.000660"/>
        <testcase name="testDealRejectsNonPositiveBet" class="App\Tests\Game\BlackJackTest" classname="App.Tests.Game.BlackJackTest" file="/home/mats/dbwebb-kurser/mvc/me/report/tests/Game/BlackJackTest.php" line="140" assertions="1" time="0.000652"/>
        <testcase name="testHitIsIgnoredDuringBetting" class="App\Tests\Game\BlackJackTest" classname="App.Tests.Game.BlackJackTest" file="/home/mats/dbwebb-kurser/mvc/me/report/tests/Game/BlackJackTest.php" line="147" assertions="1" time="0.000665"/>
        <testcase name="testStandIsIgnoredDuringBetting" class="App\Tests\Game\BlackJackTest" classname="App.Tests.Game.BlackJackTest" file="/home/mats/dbwebb-kurser/mvc/me/report/tests/Game/BlackJackTest.php" line="154" assertions="1" time="0.001105"/>
        <testcase name="testDealIsIgnoredWhenAlreadyPlaying" class="App\Tests\Game\BlackJackTest" classname="App.Tests.Game.BlackJackTest" file="/home/mats/dbwebb-kurser/mvc/me/report/tests/Game/BlackJackTest.php" line="161" assertions="2" time="0.000850"/>
        <testcase name="testNewRoundResetsButKeepsMoney" class="App\Tests\Game\BlackJackTest" classname="App.Tests.Game.BlackJackTest" file="/home/mats/dbwebb-kurser/mvc/me/report/tests/Game/BlackJackTest.php" line="170" assertions="2" time="0.001418"/>
        <testcase name="testNewRoundIgnoredWhenNotFinished" class="App\Tests\Game\BlackJackTest" classname="App.Tests.Game.BlackJackTest" file="/home/mats/dbwebb-kurser/mvc/me/report/tests/Game/BlackJackTest.php" line="180" assertions="1" time="0.000623"/>
        <testcase name="testGetStateStructure" class="App\Tests\Game\BlackJackTest" classname="App.Tests.Game.BlackJackTest" file="/home/mats/dbwebb-kurser/mvc/me/report/tests/Game/BlackJackTest.php" line="187" assertions="5" time="0.000904"/>
        <testcase name="testDealWorksWithDefaultDeck" class="App\Tests\Game\BlackJackTest" classname="App.Tests.Game.BlackJackTest" file="/home/mats/dbwebb-kurser/mvc/me/report/tests/Game/BlackJackTest.php" line="199" assertions="3" time="0.002479"/>
        <testcase name="testNewRoundRebuildsDeckWhenLow" class="App\Tests\Game\BlackJackTest" classname="App.Tests.Game.BlackJackTest" file="/home/mats/dbwebb-kurser/mvc/me/report/tests/Game/BlackJackTest.php" line="207" assertions="1" time="0.001395"/>
      </testsuite>
      <testsuite name="App\Tests\Game\Game21Test" file="/home/mats/dbwebb-kurser/mvc/me/report/tests/Game/Game21Test.php" tests="11" assertions="32" errors="0" warnings="0" failures="0" skipped="0" time="0.013059">
        <testcase name="testCreateGameInitialState" class="App\Tests\Game\Game21Test" classname="App.Tests.Game.Game21Test" file="/home/mats/dbwebb-kurser/mvc/me/report/tests/Game/Game21Test.php" line="34" assertions="6" time="0.002349"/>
        <testcase name="testPlayerDrawAddsCard" class="App\Tests\Game\Game21Test" classname="App.Tests.Game.Game21Test" file="/home/mats/dbwebb-kurser/mvc/me/report/tests/Game/Game21Test.php" line="49" assertions="4" time="0.000798"/>
        <testcase name="testStandBankBustsPlayerWins" class="App\Tests\Game\Game21Test" classname="App.Tests.Game.Game21Test" file="/home/mats/dbwebb-kurser/mvc/me/report/tests/Game/Game21Test.php" line="64" assertions="3" time="0.003395"/>
        <testcase name="testStandBankWins" class="App\Tests\Game\Game21Test" classname="App.Tests.Game.Game21Test" file="/home/mats/dbwebb-kurser/mvc/me/report/tests/Game/Game21Test.php" line="80" assertions="3" time="0.000862"/>
        <testcase name="testStandPlayerWinsWithHigherValue" class="App\Tests\Game\Game21Test" classname="App.Tests.Game.Game21Test" file="/home/mats/dbwebb-kurser/mvc/me/report/tests/Game/Game21Test.php" line="95" assertions="3" time="0.000991"/>
        <testcase name="testPlayerDrawIgnoredWhenGameOver" class="App\Tests\Game\Game21Test" classname="App.Tests.Game.Game21Test" file="/home/mats/dbwebb-kurser/mvc/me/report/tests/Game/Game21Test.php" line="111" assertions="3" time="0.000749"/>
        <testcase name="testPlayerBust" class="App\Tests\Game\Game21Test" classname="App.Tests.Game.Game21Test" file="/home/mats/dbwebb-kurser/mvc/me/report/tests/Game/Game21Test.php" line="130" assertions="2" time="0.000783"/>
        <testcase name="testAceCountsAsFourteenWhenPossible" class="App\Tests\Game\Game21Test" classname="App.Tests.Game.Game21Test" file="/home/mats/dbwebb-kurser/mvc/me/report/tests/Game/Game21Test.php" line="146" assertions="1" time="0.000737"/>
        <testcase name="testAceCountsAsOneWhenFourteenWouldBust" class="App\Tests\Game\Game21Test" classname="App.Tests.Game.Game21Test" file="/home/mats/dbwebb-kurser/mvc/me/report/tests/Game/Game21Test.php" line="158" assertions="1" time="0.000682"/>
        <testcase name="testStandIgnoredWhenGameOver" class="App\Tests\Game\Game21Test" classname="App.Tests.Game.Game21Test" file="/home/mats/dbwebb-kurser/mvc/me/report/tests/Game/Game21Test.php" line="171" assertions="3" time="0.000924"/>
        <testcase name="testStandStopsWhenDeckRunsOut" class="App\Tests\Game\Game21Test" classname="App.Tests.Game.Game21Test" file="/home/mats/dbwebb-kurser/mvc/me/report/tests/Game/Game21Test.php" line="190" assertions="3" time="0.000790"/>
      </testsuite>
    </testsuite>
  </testsuite>
</testsuites>
